#
# There is insufficient memory for the Java Runtime Environment to continue.
# Native memory allocation (mmap) failed to map 266338304 bytes. Error detail: G1 virtual space
# Possible reasons:
#   The system is out of physical RAM or swap space
#   This process is running with CompressedOops enabled, and the Java Heap may be blocking the growth of the native heap
# Possible solutions:
#   Reduce memory load on the system
#   Increase physical memory or swap space
#   Check if swap backing store is full
#   Decrease Java heap size (-Xmx/-Xms)
#   Decrease number of Java threads
#   Decrease Java thread stack sizes (-Xss)
#   Set larger code cache with -XX:ReservedCodeCacheSize=
#   JVM is running with Zero Based Compressed Oops mode in which the Java heap is
#     placed in the first 32GB address space. The Java Heap base address is the
#     maximum limit for the native heap growth. Please use -XX:HeapBaseMinAddress
#     to set the Java Heap base and to place the Java Heap above 32GB virtual address.
# This output file may be truncated or incomplete.
#
#  Out of Memory Error (os_windows.cpp:3603), pid=24044, tid=26824
#
# JRE version:  (21.0.3+9) (build )
# Java VM: OpenJDK 64-Bit Server VM (21.0.3+9-LTS, mixed mode, sharing, tiered, compressed oops, compressed class ptrs, g1 gc, windows-amd64)
# No core dump will be written. Minidumps are not enabled by default on client versions of Windows
#

---------------  S U M M A R Y ------------

Command Line: -Dfile.encoding=UTF-8 -Dstdout.encoding=UTF-8 -Dstderr.encoding=UTF-8 --module-path=F:\eclipse-java-2024-06-R-win32-x86_64\Door.v2\bin -XX:+ShowCodeDetailsInExceptionMessages -Djdk.module.main=Door.v2 Door.v2/DoorV2.Main

Host: Intel(R) Core(TM) i5-10300H CPU @ 2.50GHz, 8 cores, 15G,  Windows 11 , 64 bit Build 22621 (10.0.22621.3958)
Time: Tue Oct  8 18:46:15 2024 SE Asia Standard Time elapsed time: 0.014280 seconds (0d 0h 0m 0s)

---------------  T H R E A D  ---------------

Current thread (0x00000190de2efdd0):  JavaThread "Unknown thread" [_thread_in_vm, id=26824, stack(0x00000056f8b00000,0x00000056f8c00000) (1024K)]

Stack: [0x00000056f8b00000,0x00000056f8c00000]
Native frames: (J=compiled Java code, j=interpreted, Vv=VM code, C=native code)
V  [jvm.dll+0x6c8699]
V  [jvm.dll+0x8a2061]
V  [jvm.dll+0x8a458e]
V  [jvm.dll+0x8a4c63]
V  [jvm.dll+0x27e476]
V  [jvm.dll+0x6c4e15]
V  [jvm.dll+0x6b9b0a]
V  [jvm.dll+0x3523ba]
V  [jvm.dll+0x359f66]
V  [jvm.dll+0x3ab1be]
V  [jvm.dll+0x3ab468]
V  [jvm.dll+0x3265fc]
V  [jvm.dll+0x32715b]
V  [jvm.dll+0x86b0b9]
V  [jvm.dll+0x3b81c1]
V  [jvm.dll+0x854318]
V  [jvm.dll+0x44c55e]
V  [jvm.dll+0x44e081]
C  [jli.dll+0x5278]
C  [ucrtbase.dll+0x29333]
C  [KERNEL32.DLL+0x1257d]
C  [ntdll.dll+0x5af28]


---------------  P R O C E S S  ---------------

Threads class SMR info:
_java_thread_list=0x00007ff85274e048, length=0, elements={
}

Java Threads: ( => current thread )
Total: 0

Other Threads:
  0x00000190e05ad6c0 WorkerThread "GC Thread#0"                     [id=22032, stack(0x00000056f8c00000,0x00000056f8d00000) (1024K)]
  0x00000190e05bfd80 ConcurrentGCThread "G1 Main Marker"            [id=26224, stack(0x00000056f8d00000,0x00000056f8e00000) (1024K)]
  0x00000190e05c0880 WorkerThread "G1 Conc#0"                       [id=22580, stack(0x00000056f8e00000,0x00000056f8f00000) (1024K)]

[error occurred during error reporting (printing all threads), id 0xc0000005, EXCEPTION_ACCESS_VIOLATION (0xc0000005) at pc=0x00007ff851e58f27]
VM state: not at safepoint (not fully initialized)

VM Mutex/Monitor currently owned by a thread:  ([mutex/lock_event])
[0x00007ff8527c2228] Heap_lock - owner thread: 0x00000190de2efdd0

Heap address: 0x0000000702800000, size: 4056 MB, Compressed Oops mode: Zero based, Oop shift amount: 3

CDS archive(s) mapped at: [0x0000000000000000-0x0000000000000000-0x0000000000000000), size 0, SharedBaseAddress: 0x0000000800000000, ArchiveRelocationMode: 1.
Narrow klass base: 0x0000000000000000, Narrow klass shift: 0, Narrow klass range: 0x0

GC Precious Log:
 CardTable entry size: 512
 Card Set container configuration: InlinePtr #cards 4 size 8 Array Of Cards #cards 16 size 48 Howl #buckets 8 coarsen threshold 3686 Howl Bitmap #cards 512 size 80 coarsen threshold 460 Card regions per heap region 1 cards per card region 4096

Heap:
 garbage-first heap   total 0K, used 0K [0x0000000702800000, 0x0000000800000000)
  region size 2048K, 0 young (0K), 0 survivors (0K)

[error occurred during error reporting (printing heap information), id 0xc0000005, EXCEPTION_ACCESS_VIOLATION (0xc0000005) at pc=0x00007ff852242069]
GC Heap History (0 events):
No events

Dll operation events (1 events):
Event: 0.009 Loaded shared library F:\eclipse-java-2024-06-R-win32-x86_64\eclipse\plugins\org.eclipse.justj.openjdk.hotspot.jre.full.win32.x86_64_21.0.3.v20240426-1530\jre\bin\java.dll

Deoptimization events (0 events):
No events

Classes loaded (0 events):
No events

Classes unloaded (0 events):
No events

Classes redefined (0 events):
No events

Internal exceptions (0 events):
No events

ZGC Phase Switch (0 events):
No events

VM Operations (0 events):
No events

Events (0 events):
No events


Dynamic libraries:
0x00007ff7f7130000 - 0x00007ff7f713e000 	F:\eclipse-java-2024-06-R-win32-x86_64\eclipse\plugins\org.eclipse.justj.openjdk.hotspot.jre.full.win32.x86_64_21.0.3.v20240426-1530\jre\bin\javaw.exe
0x00007ff8d9310000 - 0x00007ff8d9527000 	C:\WINDOWS\SYSTEM32\ntdll.dll
0x00007ff8d8480000 - 0x00007ff8d8544000 	C:\WINDOWS\System32\KERNEL32.DLL
0x00007ff8d6a90000 - 0x00007ff8d6e3d000 	C:\WINDOWS\System32\KERNELBASE.dll
0x00007ff8d6ea0000 - 0x00007ff8d6fb1000 	C:\WINDOWS\System32\ucrtbase.dll
0x00007ff8a5740000 - 0x00007ff8a575b000 	F:\eclipse-java-2024-06-R-win32-x86_64\eclipse\plugins\org.eclipse.justj.openjdk.hotspot.jre.full.win32.x86_64_21.0.3.v20240426-1530\jre\bin\VCRUNTIME140.dll
0x00007ff8a5290000 - 0x00007ff8a52a8000 	F:\eclipse-java-2024-06-R-win32-x86_64\eclipse\plugins\org.eclipse.justj.openjdk.hotspot.jre.full.win32.x86_64_21.0.3.v20240426-1530\jre\bin\jli.dll
0x00007ff8d8d10000 - 0x00007ff8d8ebe000 	C:\WINDOWS\System32\USER32.dll
0x00007ff8d6e70000 - 0x00007ff8d6e96000 	C:\WINDOWS\System32\win32u.dll
0x00007ff8bfdb0000 - 0x00007ff8c0043000 	C:\WINDOWS\WinSxS\amd64_microsoft.windows.common-controls_6595b64144ccf1df_6.0.22621.3672_none_2713b9d173822955\COMCTL32.dll
0x00007ff8d90c0000 - 0x00007ff8d9167000 	C:\WINDOWS\System32\msvcrt.dll
0x00007ff8d8b10000 - 0x00007ff8d8b39000 	C:\WINDOWS\System32\GDI32.dll
0x00007ff8d68b0000 - 0x00007ff8d69c9000 	C:\WINDOWS\System32\gdi32full.dll
0x00007ff8d66a0000 - 0x00007ff8d673a000 	C:\WINDOWS\System32\msvcp_win.dll
0x00007ff8d8650000 - 0x00007ff8d8681000 	C:\WINDOWS\System32\IMM32.DLL
0x00007ff8c0280000 - 0x00007ff8c028c000 	F:\eclipse-java-2024-06-R-win32-x86_64\eclipse\plugins\org.eclipse.justj.openjdk.hotspot.jre.full.win32.x86_64_21.0.3.v20240426-1530\jre\bin\vcruntime140_1.dll
0x00007ff88f5f0000 - 0x00007ff88f67e000 	F:\eclipse-java-2024-06-R-win32-x86_64\eclipse\plugins\org.eclipse.justj.openjdk.hotspot.jre.full.win32.x86_64_21.0.3.v20240426-1530\jre\bin\msvcp140.dll
0x00007ff851b20000 - 0x00007ff8528a2000 	F:\eclipse-java-2024-06-R-win32-x86_64\eclipse\plugins\org.eclipse.justj.openjdk.hotspot.jre.full.win32.x86_64_21.0.3.v20240426-1530\jre\bin\server\jvm.dll
0x00007ff8d7750000 - 0x00007ff8d7802000 	C:\WINDOWS\System32\ADVAPI32.dll
0x00007ff8d9000000 - 0x00007ff8d90a9000 	C:\WINDOWS\System32\sechost.dll
0x00007ff8d6e40000 - 0x00007ff8d6e68000 	C:\WINDOWS\System32\bcrypt.dll
0x00007ff8d8ec0000 - 0x00007ff8d8fd4000 	C:\WINDOWS\System32\RPCRT4.dll
0x00007ff8d8c90000 - 0x00007ff8d8d01000 	C:\WINDOWS\System32\WS2_32.dll
0x00007ff8d54e0000 - 0x00007ff8d552d000 	C:\WINDOWS\SYSTEM32\POWRPROF.dll
0x00007ff8d1d80000 - 0x00007ff8d1db4000 	C:\WINDOWS\SYSTEM32\WINMM.dll
0x00007ff8d1d50000 - 0x00007ff8d1d5a000 	C:\WINDOWS\SYSTEM32\VERSION.dll
0x00007ff8d54c0000 - 0x00007ff8d54d3000 	C:\WINDOWS\SYSTEM32\UMPDC.dll
0x00007ff8d5770000 - 0x00007ff8d5788000 	C:\WINDOWS\SYSTEM32\kernel.appcore.dll
0x00007ff8d13a0000 - 0x00007ff8d13aa000 	F:\eclipse-java-2024-06-R-win32-x86_64\eclipse\plugins\org.eclipse.justj.openjdk.hotspot.jre.full.win32.x86_64_21.0.3.v20240426-1530\jre\bin\jimage.dll
0x00007ff8d3d10000 - 0x00007ff8d3f42000 	C:\WINDOWS\SYSTEM32\DBGHELP.DLL
0x00007ff8d73c0000 - 0x00007ff8d774e000 	C:\WINDOWS\System32\combase.dll
0x00007ff8d8bb0000 - 0x00007ff8d8c87000 	C:\WINDOWS\System32\OLEAUT32.dll
0x00007ff8ad0b0000 - 0x00007ff8ad0e2000 	C:\WINDOWS\SYSTEM32\dbgcore.DLL
0x00007ff8d6fc0000 - 0x00007ff8d703b000 	C:\WINDOWS\System32\bcryptPrimitives.dll
0x00007ff8ae6d0000 - 0x00007ff8ae6ef000 	F:\eclipse-java-2024-06-R-win32-x86_64\eclipse\plugins\org.eclipse.justj.openjdk.hotspot.jre.full.win32.x86_64_21.0.3.v20240426-1530\jre\bin\java.dll

dbghelp: loaded successfully - version: 4.0.5 - missing functions: none
symbol engine: initialized successfully - sym options: 0x614 - pdb path: .;F:\eclipse-java-2024-06-R-win32-x86_64\eclipse\plugins\org.eclipse.justj.openjdk.hotspot.jre.full.win32.x86_64_21.0.3.v20240426-1530\jre\bin;C:\WINDOWS\SYSTEM32;C:\WINDOWS\WinSxS\amd64_microsoft.windows.common-controls_6595b64144ccf1df_6.0.22621.3672_none_2713b9d173822955;F:\eclipse-java-2024-06-R-win32-x86_64\eclipse\plugins\org.eclipse.justj.openjdk.hotspot.jre.full.win32.x86_64_21.0.3.v20240426-1530\jre\bin\server

VM Arguments:
jvm_args: -Dfile.encoding=UTF-8 -Dstdout.encoding=UTF-8 -Dstderr.encoding=UTF-8 --module-path=F:\eclipse-java-2024-06-R-win32-x86_64\Door.v2\bin -XX:+ShowCodeDetailsInExceptionMessages -Djdk.module.main=Door.v2 
java_command: Door.v2/DoorV2.Main
java_class_path (initial): <not set>
Launcher Type: SUN_STANDARD

[Global flags]
     intx CICompilerCount                          = 4                                         {product} {ergonomic}
     uint ConcGCThreads                            = 2                                         {product} {ergonomic}
     uint G1ConcRefinementThreads                  = 8                                         {product} {ergonomic}
   size_t G1HeapRegionSize                         = 2097152                                   {product} {ergonomic}
    uintx GCDrainStackTargetSize                   = 64                                        {product} {ergonomic}
   size_t InitialHeapSize                          = 266338304                                 {product} {ergonomic}
   size_t MarkStackSize                            = 4194304                                   {product} {ergonomic}
   size_t MaxHeapSize                              = 4253024256                                {product} {ergonomic}
   size_t MinHeapDeltaBytes                        = 2097152                                   {product} {ergonomic}
   size_t MinHeapSize                              = 8388608                                   {product} {ergonomic}
    uintx NonNMethodCodeHeapSize                   = 5839372                                {pd product} {ergonomic}
    uintx NonProfiledCodeHeapSize                  = 122909434                              {pd product} {ergonomic}
    uintx ProfiledCodeHeapSize                     = 122909434                              {pd product} {ergonomic}
    uintx ReservedCodeCacheSize                    = 251658240                              {pd product} {ergonomic}
     bool SegmentedCodeCache                       = true                                      {product} {ergonomic}
     bool ShowCodeDetailsInExceptionMessages       = true                                   {manageable} {command line}
   size_t SoftMaxHeapSize                          = 4253024256                             {manageable} {ergonomic}
     bool UseCompressedOops                        = true                           {product lp64_product} {ergonomic}
     bool UseG1GC                                  = true                                      {product} {ergonomic}
     bool UseLargePagesIndividualAllocation        = false                                  {pd product} {ergonomic}

Logging:
Log output configuration:
 #0: stdout all=warning uptime,level,tags foldmultilines=false
 #1: stderr all=off uptime,level,tags foldmultilines=false

Environment Variables:
PATH=F:/eclipse-java-2024-06-R-win32-x86_64/eclipse//plugins/org.eclipse.justj.openjdk.hotspot.jre.full.win32.x86_64_21.0.3.v20240426-1530/jre/bin/server;F:/eclipse-java-2024-06-R-win32-x86_64/eclipse//plugins/org.eclipse.justj.openjdk.hotspot.jre.full.win32.x86_64_21.0.3.v20240426-1530/jre/bin;C:\Program Files\Common Files\Oracle\Java\javapath;C:\Program Files (x86)\Common Files\Oracle\Java\javapath;C:\Program Files\Microsoft\jdk-11.0.16.101-hotspot\bin;C:\Windows\system32;C:\Windows;C:\Windows\System32\Wbem;C:\Windows\System32\WindowsPowerShell\v1.0\;C:\Windows\System32\OpenSSH\;C:\Program Files (x86)\NVIDIA Corporation\PhysX\Common;C:\Program Files\NVIDIA Corporation\NVIDIA NvDLISR;C:\WINDOWS\system32;C:\WINDOWS;C:\WINDOWS\System32\Wbem;C:\WINDOWS\System32\WindowsPowerShell\v1.0\;C:\WINDOWS\System32\OpenSSH\;C:\Program Files (x86)\Microsoft SQL Server\160\Tools\Binn\;C:\Program Files\Microsoft SQL Server\160\Tools\Binn\;C:\Program Files\Microsoft SQL Server\Client SDK\ODBC\170\Tools\Binn\;C:\Program Files\Microsoft SQL Server\160\DTS\Binn\;E:\nodejs\;C:\Program Files\Git\cmd;C:\Program Files\Cloudflare\Cloudflare WARP\;F:\anacoda;F:\anacoda\Library\mingw-w64\bin;F:\anacoda\Library\usr\bin;F:\anacoda\Library\bin;F:\anacoda\Scripts;C:\Users\fptshop\AppData\Local\Microsoft\WindowsApps;C:\Program Files\Azure Data Studio\bin;C:\Users\fptshop\AppData\Local\Programs\Microsoft VS Code\bin;F:\Crack du phong\WebStorm\WebStorm 2024.1\bin;;C:\Users\fptshop\AppData\Roaming\npm;C:\Users\fptshop\AppData\Local\GitHubDesktop\bin;F:\eclipse-java-2024-06-R-win32-x86_64\eclipse;
USERNAME=fptshop
OS=Windows_NT
PROCESSOR_IDENTIFIER=Intel64 Family 6 Model 165 Stepping 2, GenuineIntel
TMP=C:\Users\fptshop\AppData\Local\Temp
TEMP=C:\Users\fptshop\AppData\Local\Temp




Periodic native trim disabled

---------------  S Y S T E M  ---------------

OS:
 Windows 11 , 64 bit Build 22621 (10.0.22621.3958)
OS uptime: 0 days 4:19 hours

CPU: total 8 (initial active 8) (4 cores per cpu, 2 threads per core) family 6 model 165 stepping 2 microcode 0xe0, cx8, cmov, fxsr, ht, mmx, 3dnowpref, sse, sse2, sse3, ssse3, sse4.1, sse4.2, popcnt, lzcnt, tsc, tscinvbit, avx, avx2, aes, erms, clmul, bmi1, bmi2, adx, fma, vzeroupper, clflush, clflushopt, rdtscp, f16c, pku
Processor Information for all 8 processors :
  Max Mhz: 2496, Current Mhz: 2496, Mhz Limit: 2496

Memory: 4k page, system-wide physical 16221M (6228M free)
TotalPageFile size 41221M (AvailPageFile size 66M)
current process WorkingSet (physical memory assigned to process): 11M, peak: 11M
current process commit charge ("private bytes"): 60M, peak: 314M

vm_info: OpenJDK 64-Bit Server VM (21.0.3+9-LTS) for windows-amd64 JRE (21.0.3+9-LTS), built on 2024-04-16T00:00:00Z by "admin" with MS VC++ 17.7 (VS2022)

END.
